<?xml version="1.0" encoding="UTF-8"?>
<testsuite name="ATB11xAPIAutomationPrograms"
           tests="1"
           failures="0"
           errors="0"
           skipped="0"
           time="2.595">
    <properties></properties>



            <testcase
                name="test_POST"
                time="2.595"
                classname="com.thetestingacademy.ex_07_Payload_management.String.APITesting027_1_RestAssured_TestNG_AssertJ_Assertions">
            </testcase>
</testsuite>
